<?xml version="1.0" encoding="UTF-8"?>
<!-- Generated by org.testng.reporters.JUnitReportReporter -->
<testsuite skipped="0" hostname="hp" name="newmavenproject.AcmeTest" tests="1" failures="0" timestamp="2019-10-12T15:41:43 PDT" time="9.844" errors="0">
  <testcase name="run" time="9.844" classname="newmavenproject.AcmeTest"/>
</testsuite> <!-- newmavenproject.AcmeTest -->
