<?xml version="1.0" encoding="UTF-8"?>
<!-- Generated by org.testng.reporters.JUnitReportReporter -->
<testsuite skipped="0" hostname="hp" name="newmavenproject.Testng" tests="1" failures="0" timestamp="2019-10-12T15:39:51 PDT" time="0.016" errors="0">
  <testcase name="display" time="0.016" classname="newmavenproject.Testng"/>
</testsuite> <!-- newmavenproject.Testng -->
